# If this log is to be used for incremental obfuscation / patch generation, 
# add any '.class', '.method', '.field' and '.attribute' restrictions here:


#-DO-NOT-EDIT-BELOW-THIS-LINE------------------DO-NOT-EDIT-BELOW-THIS-LINE--
#
# RetroGuard v2.3.1, by Retrologic Systems - www.retrologic.com
#
# Logfile created on Tue Oct 14 17:31:11 CST 2008
#
# Jar file to be obfuscated:           WindowEventDemo.jar
# Target Jar file for obfuscated code: out.jar
# RetroGuard Script file used:         (none, defaults used)
#
#
# Memory in use after class data structure built: 513008 bytes
# Total memory available                        : 5177344 bytes
#
#
# Obfuscated name overloading frequency:
#
# Names reserved from obfuscation:
#
.class WindowEventDemo
.method WindowEventDemo/main ([Ljava/lang/String;)V
#
#
# Obfuscated name mappings (some of these may be unchanged due to polymorphism constraints):
#
.method_map WindowEventDemo/windowClosed (Ljava/awt/event/WindowEvent;)V windowClosed
.method_map WindowEventDemo/windowActivated (Ljava/awt/event/WindowEvent;)V windowActivated
.method_map WindowEventDemo/windowOpened (Ljava/awt/event/WindowEvent;)V windowOpened
.method_map WindowEventDemo/windowDeactivated (Ljava/awt/event/WindowEvent;)V windowDeactivated
.method_map WindowEventDemo/windowStateChanged (Ljava/awt/event/WindowEvent;)V windowStateChanged
.method_map WindowEventDemo/windowIconified (Ljava/awt/event/WindowEvent;)V windowIconified
.method_map WindowEventDemo/windowDeiconified (Ljava/awt/event/WindowEvent;)V windowDeiconified
.method_map WindowEventDemo/windowLostFocus (Ljava/awt/event/WindowEvent;)V windowLostFocus
.method_map WindowEventDemo/windowGainedFocus (Ljava/awt/event/WindowEvent;)V windowGainedFocus
.method_map WindowEventDemo/windowClosing (Ljava/awt/event/WindowEvent;)V windowClosing
